<?xml version="1.0" encoding="UTF-8"?>
<testng-results skipped="0" failed="0" total="1" passed="1">
  <reporter-output>
  </reporter-output>
  <suite name="Default suite" duration-ms="8387" started-at="2022-07-02T09:12:44Z" finished-at="2022-07-02T09:12:53Z">
    <groups>
    </groups>
    <test name="Default test" duration-ms="8387" started-at="2022-07-02T09:12:44Z" finished-at="2022-07-02T09:12:53Z">
      <class name="practice.launchbrowser">
        <test-method status="PASS" signature="launchapplication()[pri:0, instance:practice.launchbrowser@21a06946]" name="launchapplication" duration-ms="8357" started-at="2022-07-02T10:12:44Z" finished-at="2022-07-02T10:12:53Z">
          <reporter-output>
          </reporter-output>
        </test-method> <!-- launchapplication -->
      </class> <!-- practice.launchbrowser -->
    </test> <!-- Default test -->
  </suite> <!-- Default suite -->
</testng-results>
